name: lint
run_id: commands[1]
env APPDATA: C:\Users\d0tam\AppData\Roaming
env COMSPEC: C:\WINDOWS\system32\cmd.exe
env NUMBER_OF_PROCESSORS: 24
env PATHEXT: .COM;.EXE;.BAT;.CMD;.VBS;.VBE;.JS;.JSE;.WSF;.WSH;.MSC;.RB;.RBW
env PROCESSOR_ARCHITECTURE: AMD64
env PROGRAMDATA: C:\ProgramData
env PROGRAMFILES: C:\Program Files
env PROGRAMFILES(X86): C:\Program Files (x86)
env SYSTEMDRIVE: C:
env SYSTEMROOT: C:\WINDOWS
env TEMP: C:\Users\d0tam\AppData\Local\Temp
env TMP: C:\Users\d0tam\AppData\Local\Temp
env USERPROFILE: C:\Users\d0tam
env WINDIR: C:\WINDOWS
env PATH: C:\Users\d0tam\Housing-Prices-ML-Model\production-model-package\.tox\test_package\Scripts;C:\Program Files\Common Files\Oracle\Java\javapath;C:\Windows\system32;C:\Windows;C:\Windows\System32\Wbem;C:\Windows\System32\WindowsPowerShell\v1.0\;C:\Windows\System32\OpenSSH\;C:\Program Files (x86)\NVIDIA Corporation\PhysX\Common;C:\Program Files\dotnet\;C:\WINDOWS\system32;C:\WINDOWS;C:\WINDOWS\System32\Wbem;C:\WINDOWS\System32\WindowsPowerShell\v1.0\;C:\WINDOWS\System32\OpenSSH\;C:\Program Files\NVIDIA Corporation\NVIDIA App\NvDLISR;D:\Applications\Git\cmd;C:\Users\d0tam\AppData\Local\Programs\Python\Python313\Scripts\;C:\Users\d0tam\AppData\Local\Programs\Python\Python313\;C:\Ruby32-x64\bin;C:\Users\d0tam\anaconda3;C:\Users\d0tam\anaconda3\Library\mingw-w64\bin;C:\Users\d0tam\anaconda3\Library\usr\bin;C:\Users\d0tam\anaconda3\Library\bin;C:\Users\d0tam\anaconda3\Scripts;C:\Users\d0tam\miniconda3;C:\Users\d0tam\miniconda3\Library\mingw-w64\bin;C:\Users\d0tam\miniconda3\Library\usr\bin;C:\Users\d0tam\miniconda3\Library\bin;C:\Users\d0tam\miniconda3\Scripts;C:\Users\d0tam\AppData\Local\Microsoft\WindowsApps;C:\Users\d0tam\AppData\Local\Programs\Microsoft VS Code\bin;C:\ProgramData\d0tam\GitHubDesktop\bin;C:\Users\d0tam\AppData\Local\GitHubDesktop\bin
env PIP_DISABLE_PIP_VERSION_CHECK: 1
env PYTHONIOENCODING: utf-8
env PYTHONPATH: .
env PYTHONHASHSEED: 0
env TOX_ENV_NAME: lint
env TOX_WORK_DIR: C:\Users\d0tam\Housing-Prices-ML-Model\production-model-package\.tox
env TOX_ENV_DIR: C:\Users\d0tam\Housing-Prices-ML-Model\production-model-package\.tox\test_package
env VIRTUAL_ENV: C:\Users\d0tam\Housing-Prices-ML-Model\production-model-package\.tox\test_package
env COLUMNS: 120
env LINES: 30
metadata pid: 33360
cwd: C:\Users\d0tam\Housing-Prices-ML-Model\production-model-package
allow: C:\Users\d0tam\Housing-Prices-ML-Model\production-model-package\.tox\test_package\Scripts\*:isort:black:flake8:mypy
cmd: black regression_model tests
exit_code: 0

standard error:
reformatted C:\Users\d0tam\Housing-Prices-ML-Model\production-model-package\regression_model\processing\features.py
reformatted C:\Users\d0tam\Housing-Prices-ML-Model\production-model-package\regression_model\pipeline.py

All done! ✨ 🍰 ✨
2 files reformatted, 14 files left unchanged.
