name: run
run_id: install_deps
env APPDATA: C:\Users\d0tam\AppData\Roaming
env COMSPEC: C:\WINDOWS\system32\cmd.exe
env NUMBER_OF_PROCESSORS: 24
env PATHEXT: .COM;.EXE;.BAT;.CMD;.VBS;.VBE;.JS;.JSE;.WSF;.WSH;.MSC;.RB;.RBW;.CPL
env PROCESSOR_ARCHITECTURE: AMD64
env PROGRAMDATA: C:\ProgramData
env PROGRAMFILES: C:\Program Files
env PROGRAMFILES(X86): C:\Program Files (x86)
env SYSTEMDRIVE: C:
env SYSTEMROOT: C:\WINDOWS
env TEMP: C:\Users\d0tam\AppData\Local\Temp
env TMP: C:\Users\d0tam\AppData\Local\Temp
env USERPROFILE: C:\Users\d0tam
env WINDIR: C:\WINDOWS
env PATH: C:\Users\d0tam\Housing-Prices-ML-Model\model-serving-api\house-prices-api\.tox\test_app\Scripts;C:\Program Files\Common Files\Oracle\Java\javapath;C:\Windows\system32;C:\Windows;C:\Windows\System32\Wbem;C:\Windows\System32\WindowsPowerShell\v1.0\;C:\Windows\System32\OpenSSH\;C:\Program Files (x86)\NVIDIA Corporation\PhysX\Common;C:\Program Files\dotnet\;C:\WINDOWS\system32;C:\WINDOWS;C:\WINDOWS\System32\Wbem;C:\WINDOWS\System32\WindowsPowerShell\v1.0\;C:\WINDOWS\System32\OpenSSH\;C:\Program Files\NVIDIA Corporation\NVIDIA App\NvDLISR;D:\Applications\Git\cmd;C:\Ruby32-x64\bin;C:\Users\d0tam\anaconda3;C:\Users\d0tam\anaconda3\Library\mingw-w64\bin;C:\Users\d0tam\anaconda3\Library\usr\bin;C:\Users\d0tam\anaconda3\Library\bin;C:\Users\d0tam\anaconda3\Scripts;C:\Users\d0tam\miniconda3;C:\Users\d0tam\miniconda3\Library\mingw-w64\bin;C:\Users\d0tam\miniconda3\Library\usr\bin;C:\Users\d0tam\miniconda3\Library\bin;C:\Users\d0tam\miniconda3\Scripts;C:\Users\d0tam\AppData\Local\Microsoft\WindowsApps;C:\Users\d0tam\AppData\Local\Programs\Microsoft VS Code\bin;C:\ProgramData\d0tam\GitHubDesktop\bin;C:\Users\d0tam\AppData\Local\GitHubDesktop\bin
env PYTHONHASHSEED: 510
env PIP_DISABLE_PIP_VERSION_CHECK: 1
env PYTHONIOENCODING: utf-8
env PYTHONPATH: .
env TOX_ENV_NAME: run
env TOX_WORK_DIR: C:\Users\d0tam\Housing-Prices-ML-Model\model-serving-api\house-prices-api\.tox
env TOX_ENV_DIR: C:\Users\d0tam\Housing-Prices-ML-Model\model-serving-api\house-prices-api\.tox\test_app
env VIRTUAL_ENV: C:\Users\d0tam\Housing-Prices-ML-Model\model-serving-api\house-prices-api\.tox\test_app
env COLUMNS: 120
env LINES: 30
metadata pid: 18128
cwd: C:\Users\d0tam\Housing-Prices-ML-Model\model-serving-api\house-prices-api
allow: C:\Users\d0tam\Housing-Prices-ML-Model\model-serving-api\house-prices-api\.tox\test_app\Scripts\*
cmd: pip install -r test_requirements.txt
exit_code: 0
Collecting uvicorn<0.30.0,>=0.20.0 (from -r requirements.txt (line 1))
  Using cached uvicorn-0.29.0-py3-none-any.whl.metadata (6.3 kB)
Collecting fastapi<1.0.0,>=0.88.0 (from -r requirements.txt (line 2))
  Using cached fastapi-0.115.2-py3-none-any.whl.metadata (27 kB)
Collecting python-multipart<0.1.0,>=0.0.5 (from -r requirements.txt (line 3))
  Using cached python_multipart-0.0.12-py3-none-any.whl.metadata (1.9 kB)
Collecting pydantic<1.12.0,>=1.10.4 (from -r requirements.txt (line 4))
  Using cached pydantic-1.10.18-cp311-cp311-win_amd64.whl.metadata (153 kB)
Collecting typing_extensions<5.0.0,>=4.2.0 (from -r requirements.txt (line 5))
  Using cached typing_extensions-4.12.2-py3-none-any.whl.metadata (3.0 kB)
Collecting loguru<1.0.0,>=0.5.3 (from -r requirements.txt (line 6))
  Using cached loguru-0.7.2-py3-none-any.whl.metadata (23 kB)
Collecting tid-regression-model>=3.2.0 (from -r requirements.txt (line 8))
  Using cached tid_regression_model-3.2.0-py3-none-any.whl.metadata (1.2 kB)
Collecting feature-engine<1.6.0,>=1.0.2 (from -r requirements.txt (line 9))
  Using cached feature_engine-1.5.2-py2.py3-none-any.whl.metadata (8.6 kB)
Collecting pytest<8.0.0,>=7.2.0 (from -r test_requirements.txt (line 4))
  Using cached pytest-7.4.4-py3-none-any.whl.metadata (7.9 kB)
Collecting requests<2.50.0,>=2.28.0 (from -r test_requirements.txt (line 5))
  Using cached requests-2.32.3-py3-none-any.whl.metadata (4.6 kB)
Collecting httpx<0.50.0,>=0.23.2 (from -r test_requirements.txt (line 6))
  Using cached httpx-0.27.2-py3-none-any.whl.metadata (7.1 kB)
Collecting click>=7.0 (from uvicorn<0.30.0,>=0.20.0->-r requirements.txt (line 1))
  Using cached click-8.1.7-py3-none-any.whl.metadata (3.0 kB)
Collecting h11>=0.8 (from uvicorn<0.30.0,>=0.20.0->-r requirements.txt (line 1))
  Using cached h11-0.14.0-py3-none-any.whl.metadata (8.2 kB)
Collecting starlette<0.41.0,>=0.37.2 (from fastapi<1.0.0,>=0.88.0->-r requirements.txt (line 2))
  Using cached starlette-0.40.0-py3-none-any.whl.metadata (6.0 kB)
Collecting colorama>=0.3.4 (from loguru<1.0.0,>=0.5.3->-r requirements.txt (line 6))
  Using cached colorama-0.4.6-py2.py3-none-any.whl.metadata (17 kB)
Collecting win32-setctime>=1.0.0 (from loguru<1.0.0,>=0.5.3->-r requirements.txt (line 6))
  Using cached win32_setctime-1.1.0-py3-none-any.whl.metadata (2.3 kB)
Collecting numpy<2.0.0,>=1.21.0 (from tid-regression-model>=3.2.0->-r requirements.txt (line 8))
  Using cached numpy-1.26.4-cp311-cp311-win_amd64.whl.metadata (61 kB)
Collecting pandas<2.0.0,>=1.3.5 (from tid-regression-model>=3.2.0->-r requirements.txt (line 8))
  Using cached pandas-1.5.3-cp311-cp311-win_amd64.whl.metadata (12 kB)
Collecting scikit-learn<2.0.0,>=1.1.3 (from tid-regression-model>=3.2.0->-r requirements.txt (line 8))
  Using cached scikit_learn-1.5.2-cp311-cp311-win_amd64.whl.metadata (13 kB)
Collecting strictyaml<2.0.0,>=1.3.2 (from tid-regression-model>=3.2.0->-r requirements.txt (line 8))
  Using cached strictyaml-1.7.3-py3-none-any.whl.metadata (11 kB)
Collecting ruamel.yaml<1.0.0,>=0.16.12 (from tid-regression-model>=3.2.0->-r requirements.txt (line 8))
  Using cached ruamel.yaml-0.18.6-py3-none-any.whl.metadata (23 kB)
Collecting joblib<2.0.0,>=1.0.1 (from tid-regression-model>=3.2.0->-r requirements.txt (line 8))
  Using cached joblib-1.4.2-py3-none-any.whl.metadata (5.4 kB)
Collecting scipy>=1.4.1 (from feature-engine<1.6.0,>=1.0.2->-r requirements.txt (line 9))
  Using cached scipy-1.14.1-cp311-cp311-win_amd64.whl.metadata (60 kB)
Collecting statsmodels>=0.11.1 (from feature-engine<1.6.0,>=1.0.2->-r requirements.txt (line 9))
  Using cached statsmodels-0.14.4-cp311-cp311-win_amd64.whl.metadata (9.5 kB)
Collecting iniconfig (from pytest<8.0.0,>=7.2.0->-r test_requirements.txt (line 4))
  Using cached iniconfig-2.0.0-py3-none-any.whl.metadata (2.6 kB)
Collecting packaging (from pytest<8.0.0,>=7.2.0->-r test_requirements.txt (line 4))
  Using cached packaging-24.1-py3-none-any.whl.metadata (3.2 kB)
Collecting pluggy<2.0,>=0.12 (from pytest<8.0.0,>=7.2.0->-r test_requirements.txt (line 4))
  Using cached pluggy-1.5.0-py3-none-any.whl.metadata (4.8 kB)
Collecting charset-normalizer<4,>=2 (from requests<2.50.0,>=2.28.0->-r test_requirements.txt (line 5))
  Using cached charset_normalizer-3.4.0-cp311-cp311-win_amd64.whl.metadata (34 kB)
Collecting idna<4,>=2.5 (from requests<2.50.0,>=2.28.0->-r test_requirements.txt (line 5))
  Using cached idna-3.10-py3-none-any.whl.metadata (10 kB)
Collecting urllib3<3,>=1.21.1 (from requests<2.50.0,>=2.28.0->-r test_requirements.txt (line 5))
  Using cached urllib3-2.2.3-py3-none-any.whl.metadata (6.5 kB)
Collecting certifi>=2017.4.17 (from requests<2.50.0,>=2.28.0->-r test_requirements.txt (line 5))
  Using cached certifi-2024.8.30-py3-none-any.whl.metadata (2.2 kB)
Collecting anyio (from httpx<0.50.0,>=0.23.2->-r test_requirements.txt (line 6))
  Using cached anyio-4.6.2.post1-py3-none-any.whl.metadata (4.7 kB)
Collecting httpcore==1.* (from httpx<0.50.0,>=0.23.2->-r test_requirements.txt (line 6))
  Using cached httpcore-1.0.6-py3-none-any.whl.metadata (21 kB)
Collecting sniffio (from httpx<0.50.0,>=0.23.2->-r test_requirements.txt (line 6))
  Using cached sniffio-1.3.1-py3-none-any.whl.metadata (3.9 kB)
Collecting python-dateutil>=2.8.1 (from pandas<2.0.0,>=1.3.5->tid-regression-model>=3.2.0->-r requirements.txt (line 8))
  Using cached python_dateutil-2.9.0.post0-py2.py3-none-any.whl.metadata (8.4 kB)
Collecting pytz>=2020.1 (from pandas<2.0.0,>=1.3.5->tid-regression-model>=3.2.0->-r requirements.txt (line 8))
  Using cached pytz-2024.2-py2.py3-none-any.whl.metadata (22 kB)
Collecting ruamel.yaml.clib>=0.2.7 (from ruamel.yaml<1.0.0,>=0.16.12->tid-regression-model>=3.2.0->-r requirements.txt (line 8))
  Using cached ruamel.yaml.clib-0.2.8-cp311-cp311-win_amd64.whl.metadata (2.3 kB)
Collecting threadpoolctl>=3.1.0 (from scikit-learn<2.0.0,>=1.1.3->tid-regression-model>=3.2.0->-r requirements.txt (line 8))
  Using cached threadpoolctl-3.5.0-py3-none-any.whl.metadata (13 kB)
Collecting patsy>=0.5.6 (from statsmodels>=0.11.1->feature-engine<1.6.0,>=1.0.2->-r requirements.txt (line 9))
  Using cached patsy-0.5.6-py2.py3-none-any.whl.metadata (3.5 kB)
Collecting six (from patsy>=0.5.6->statsmodels>=0.11.1->feature-engine<1.6.0,>=1.0.2->-r requirements.txt (line 9))
  Using cached six-1.16.0-py2.py3-none-any.whl.metadata (1.8 kB)
Using cached uvicorn-0.29.0-py3-none-any.whl (60 kB)
Using cached fastapi-0.115.2-py3-none-any.whl (94 kB)
Using cached python_multipart-0.0.12-py3-none-any.whl (23 kB)
Using cached pydantic-1.10.18-cp311-cp311-win_amd64.whl (2.1 MB)
Using cached typing_extensions-4.12.2-py3-none-any.whl (37 kB)
Using cached loguru-0.7.2-py3-none-any.whl (62 kB)
Using cached tid_regression_model-3.2.0-py3-none-any.whl (191 kB)
Using cached feature_engine-1.5.2-py2.py3-none-any.whl (290 kB)
Using cached pytest-7.4.4-py3-none-any.whl (325 kB)
Using cached requests-2.32.3-py3-none-any.whl (64 kB)
Using cached httpx-0.27.2-py3-none-any.whl (76 kB)
Using cached httpcore-1.0.6-py3-none-any.whl (78 kB)
Using cached certifi-2024.8.30-py3-none-any.whl (167 kB)
Using cached charset_normalizer-3.4.0-cp311-cp311-win_amd64.whl (101 kB)
Using cached click-8.1.7-py3-none-any.whl (97 kB)
Using cached colorama-0.4.6-py2.py3-none-any.whl (25 kB)
Using cached h11-0.14.0-py3-none-any.whl (58 kB)
Using cached idna-3.10-py3-none-any.whl (70 kB)
Using cached joblib-1.4.2-py3-none-any.whl (301 kB)
Using cached numpy-1.26.4-cp311-cp311-win_amd64.whl (15.8 MB)
Using cached pandas-1.5.3-cp311-cp311-win_amd64.whl (10.3 MB)
Using cached pluggy-1.5.0-py3-none-any.whl (20 kB)
Using cached ruamel.yaml-0.18.6-py3-none-any.whl (117 kB)
Using cached scikit_learn-1.5.2-cp311-cp311-win_amd64.whl (11.0 MB)
Using cached scipy-1.14.1-cp311-cp311-win_amd64.whl (44.8 MB)
Using cached starlette-0.40.0-py3-none-any.whl (73 kB)
Using cached anyio-4.6.2.post1-py3-none-any.whl (90 kB)
Using cached sniffio-1.3.1-py3-none-any.whl (10 kB)
Using cached statsmodels-0.14.4-cp311-cp311-win_amd64.whl (9.9 MB)
Using cached packaging-24.1-py3-none-any.whl (53 kB)
Using cached strictyaml-1.7.3-py3-none-any.whl (123 kB)
Using cached urllib3-2.2.3-py3-none-any.whl (126 kB)
Using cached win32_setctime-1.1.0-py3-none-any.whl (3.6 kB)
Using cached iniconfig-2.0.0-py3-none-any.whl (5.9 kB)
Using cached patsy-0.5.6-py2.py3-none-any.whl (233 kB)
Using cached python_dateutil-2.9.0.post0-py2.py3-none-any.whl (229 kB)
Using cached pytz-2024.2-py2.py3-none-any.whl (508 kB)
Using cached ruamel.yaml.clib-0.2.8-cp311-cp311-win_amd64.whl (118 kB)
Using cached threadpoolctl-3.5.0-py3-none-any.whl (18 kB)
Using cached six-1.16.0-py2.py3-none-any.whl (11 kB)
Installing collected packages: pytz, win32-setctime, urllib3, typing_extensions, threadpoolctl, sniffio, six, ruamel.yaml.clib, python-multipart, pluggy, packaging, numpy, joblib, iniconfig, idna, h11, colorama, charset-normalizer, certifi, scipy, ruamel.yaml, requests, python-dateutil, pytest, pydantic, patsy, loguru, httpcore, click, anyio, uvicorn, strictyaml, starlette, scikit-learn, pandas, httpx, statsmodels, fastapi, feature-engine, tid-regression-model
Successfully installed anyio-4.6.2.post1 certifi-2024.8.30 charset-normalizer-3.4.0 click-8.1.7 colorama-0.4.6 fastapi-0.115.2 feature-engine-1.5.2 h11-0.14.0 httpcore-1.0.6 httpx-0.27.2 idna-3.10 iniconfig-2.0.0 joblib-1.4.2 loguru-0.7.2 numpy-1.26.4 packaging-24.1 pandas-1.5.3 patsy-0.5.6 pluggy-1.5.0 pydantic-1.10.18 pytest-7.4.4 python-dateutil-2.9.0.post0 python-multipart-0.0.12 pytz-2024.2 requests-2.32.3 ruamel.yaml-0.18.6 ruamel.yaml.clib-0.2.8 scikit-learn-1.5.2 scipy-1.14.1 six-1.16.0 sniffio-1.3.1 starlette-0.40.0 statsmodels-0.14.4 strictyaml-1.7.3 threadpoolctl-3.5.0 tid-regression-model-3.2.0 typing_extensions-4.12.2 urllib3-2.2.3 uvicorn-0.29.0 win32-setctime-1.1.0
